{"/Users/wimllie/Developer/Odin/Testing-Practice/src/scripts/index.js": {"path":"/Users/wimllie/Developer/Odin/Testing-Practice/src/scripts/index.js","statementMap":{"0":{"start":{"line":6,"column":0},"end":{"line":6,"column":50}},"1":{"start":{"line":8,"column":13},"end":{"line":8,"column":55}},"2":{"start":{"line":9,"column":0},"end":{"line":14,"column":2}}},"fnMap":{},"branchMap":{},"s":{"0":1,"1":1,"2":1},"f":{},"b":{},"_coverageSchema":"1a1c01bbd47fc00a2c39e90264f33305004495a9","hash":"7fae150276766f65feae973836d3c96d9498a69c"}
,"/Users/wimllie/Developer/Odin/Testing-Practice/src/scripts/practice.js": {"path":"/Users/wimllie/Developer/Odin/Testing-Practice/src/scripts/practice.js","statementMap":{"0":{"start":{"line":2,"column":2},"end":{"line":2,"column":66}}},"fnMap":{"0":{"name":"capitalize","decl":{"start":{"line":1,"column":9},"end":{"line":1,"column":19}},"loc":{"start":{"line":1,"column":25},"end":{"line":3,"column":1}},"line":1}},"branchMap":{},"s":{"0":5},"f":{"0":5},"b":{},"_coverageSchema":"1a1c01bbd47fc00a2c39e90264f33305004495a9","hash":"6bcc21f02b10090a2260a29d067ce1ff178932f0"}
,"/Users/wimllie/Developer/Odin/Testing-Practice/src/styles/index.css": {"path":"/Users/wimllie/Developer/Odin/Testing-Practice/src/styles/index.css","statementMap":{},"fnMap":{},"branchMap":{},"s":{},"f":{},"b":{},"inputSourceMap":null,"_coverageSchema":"1a1c01bbd47fc00a2c39e90264f33305004495a9","hash":"d898ccdad909b83e9750184a856778a39de1f251"}
}
